{"name": "Filter by High to Low", "status": "broken", "statusDetails": {"message": "selenium.common.exceptions.NoSuchElementException: Message: Unable to locate element: //div[@class=\"app_logo\"]\nStacktrace:\nRemoteError@chrome://remote/content/shared/RemoteError.sys.mjs:8:8\nWebDriverError@chrome://remote/content/shared/webdriver/Errors.sys.mjs:182:5\nNoSuchElementError@chrome://remote/content/shared/webdriver/Errors.sys.mjs:394:5\nelement.find/</<@chrome://remote/content/marionette/element.sys.mjs:275:16\n\n", "trace": "  File \"C:\\Users\\Vigne\\PycharmProjects\\Behave_Feb23\\venv\\lib\\site-packages\\behave\\model.py\", line 1329, in run\n    match.run(runner.context)\n  File \"C:\\Users\\Vigne\\PycharmProjects\\Behave_Feb23\\venv\\lib\\site-packages\\behave\\matchers.py\", line 98, in run\n    self.func(context, *args, **kwargs)\n  File \"steps\\StepDefn.py\", line 37, in the_user_verifies_the_homepage_logo\n    logo = context.driver.find_element(By.XPATH, '//div[@class=\"app_logo\"]')\n  File \"C:\\Users\\Vigne\\PycharmProjects\\Behave_Feb23\\venv\\lib\\site-packages\\selenium\\webdriver\\remote\\webdriver.py\", line 830, in find_element\n    return self.execute(Command.FIND_ELEMENT, {\"using\": by, \"value\": value})[\"value\"]\n  File \"C:\\Users\\Vigne\\PycharmProjects\\Behave_Feb23\\venv\\lib\\site-packages\\selenium\\webdriver\\remote\\webdriver.py\", line 440, in execute\n    self.error_handler.check_response(response)\n  File \"C:\\Users\\Vigne\\PycharmProjects\\Behave_Feb23\\venv\\lib\\site-packages\\selenium\\webdriver\\remote\\errorhandler.py\", line 245, in check_response\n    raise exception_class(message, screen, stacktrace)\n"}, "steps": [{"name": "Given the user verifies the homepage logo", "status": "broken", "statusDetails": {"message": "selenium.common.exceptions.NoSuchElementException: Message: Unable to locate element: //div[@class=\"app_logo\"]\nStacktrace:\nRemoteError@chrome://remote/content/shared/RemoteError.sys.mjs:8:8\nWebDriverError@chrome://remote/content/shared/webdriver/Errors.sys.mjs:182:5\nNoSuchElementError@chrome://remote/content/shared/webdriver/Errors.sys.mjs:394:5\nelement.find/</<@chrome://remote/content/marionette/element.sys.mjs:275:16\n\n", "trace": "  File \"C:\\Users\\Vigne\\PycharmProjects\\Behave_Feb23\\venv\\lib\\site-packages\\behave\\model.py\", line 1329, in run\n    match.run(runner.context)\n  File \"C:\\Users\\Vigne\\PycharmProjects\\Behave_Feb23\\venv\\lib\\site-packages\\behave\\matchers.py\", line 98, in run\n    self.func(context, *args, **kwargs)\n  File \"steps\\StepDefn.py\", line 37, in the_user_verifies_the_homepage_logo\n    logo = context.driver.find_element(By.XPATH, '//div[@class=\"app_logo\"]')\n  File \"C:\\Users\\Vigne\\PycharmProjects\\Behave_Feb23\\venv\\lib\\site-packages\\selenium\\webdriver\\remote\\webdriver.py\", line 830, in find_element\n    return self.execute(Command.FIND_ELEMENT, {\"using\": by, \"value\": value})[\"value\"]\n  File \"C:\\Users\\Vigne\\PycharmProjects\\Behave_Feb23\\venv\\lib\\site-packages\\selenium\\webdriver\\remote\\webdriver.py\", line 440, in execute\n    self.error_handler.check_response(response)\n  File \"C:\\Users\\Vigne\\PycharmProjects\\Behave_Feb23\\venv\\lib\\site-packages\\selenium\\webdriver\\remote\\errorhandler.py\", line 245, in check_response\n    raise exception_class(message, screen, stacktrace)\n"}, "start": 1676090057866, "stop": 1676090087906}, {"name": "Then the user filters high to low", "status": "skipped", "start": 1676090087907, "stop": 1676090087907}], "start": 1676090057864, "stop": 1676090087907, "uuid": "58b4f01f-ce83-4274-a333-98a8436f1148", "historyId": "c7b7ca9b341db166afda285a93482834", "fullName": "Add to Cart: Filter by High to Low", "labels": [{"name": "severity", "value": "normal"}, {"name": "feature", "value": "Add to Cart"}, {"name": "framework", "value": "behave"}, {"name": "language", "value": "cpython3"}]}